Removed Pin From Net: NetName=CS_MEM Pin=R1-1
Removed Pin From Net: NetName=CS_MEM Pin=U1-1
Removed Pin From Net: NetName=SPI_MOSI2 Pin=U1-2
Removed Pin From Net: NetName=SPI_MISO2 Pin=U1-5
Removed Pin From Net: NetName=SPI_SCLK2 Pin=U1-6
Removed Pin From Net: NetName=SPI_SCLK1 Pin=U3-3
Removed Pin From Net: NetName=SPI_MOSI1 Pin=U3-4
Removed Pin From Net: NetName=IR_INT Pin=U3-6
Removed Pin From Net: NetName=GYRO_CS Pin=U3-7
Removed Pin From Net: NetName=GYRO_INT1 Pin=U3-8
Removed Pin From Net: NetName=GYRO_INT2 Pin=U3-9
Removed Pin From Net: NetName=ACCEL_INT1 Pin=U3-11
Removed Pin From Net: NetName=ACCEL_INT2 Pin=U3-12
Removed Pin From Net: NetName=SPI_SCLK Pin=U3-15
Removed Pin From Net: NetName=SPI_MISO Pin=U3-16
Removed Pin From Net: NetName=SPI_MOSI Pin=U3-17
Removed Pin From Net: NetName=SWDCLK Pin=U3-20
Removed Pin From Net: NetName=SWDIO Pin=U3-21
Removed Pin From Net: NetName=SPI_MOSI2 Pin=U3-41
Removed Pin From Net: NetName=SPI_MISO2 Pin=U3-42
Removed Pin From Net: NetName=SPI_SCLK2 Pin=U3-43
Removed Pin From Net: NetName=SPI_SCLK1 Pin=U4-23
Removed Pin From Net: NetName=SPI_MISO1 Pin=U4-24
Removed Pin From Net: NetName=SPI_MOSI Pin=U5-6
Removed Pin From Net: NetName=SPI_MISO Pin=U5-7
Added Pin To Net: NetName=GYRO_CS Pin=U3-6
Added Pin To Net: NetName=GYRO_INT1 Pin=U3-7
Added Pin To Net: NetName=GYRO_INT2 Pin=U3-8
Added Pin To Net: NetName=ACCEL_INT1 Pin=U3-9
Added Pin To Net: NetName=IR_INT Pin=U3-21
Added Pin To Net: NetName=ACCEL_MISO Pin=U3-11
Added Pin To Net: NetName=ACCEL_MISO Pin=U5-7
Added Net: Name=ACCEL_MISO
Added Pin To Net: NetName=ACCEL_MOSI Pin=U3-12
Added Pin To Net: NetName=ACCEL_MOSI Pin=U5-6
Added Net: Name=ACCEL_MOSI
Added Pin To Net: NetName=GYRO_MISO Pin=U3-3
Added Pin To Net: NetName=GYRO_MISO Pin=U4-24
Added Net: Name=GYRO_MISO
Added Pin To Net: NetName=GYRO_SCLK Pin=U3-4
Added Pin To Net: NetName=GYRO_SCLK Pin=U4-23
Added Net: Name=GYRO_SCLK
Added Pin To Net: NetName=MEM_CS Pin=R1-1
Added Pin To Net: NetName=MEM_CS Pin=U1-1
Added Pin To Net: NetName=MEM_CS Pin=U3-18
Added Net: Name=MEM_CS
Added Pin To Net: NetName=MEM_MISO Pin=U3-15
Added Net: Name=MEM_MISO
Added Pin To Net: NetName=MEM_MOSI Pin=U1-2
Added Pin To Net: NetName=MEM_MOSI Pin=U3-19
Added Net: Name=MEM_MOSI
Added Pin To Net: NetName=MEM_SCLK Pin=U1-6
Added Pin To Net: NetName=MEM_SCLK Pin=U3-16
Added Net: Name=MEM_SCLK
Added Pin To Net: NetName=MEM_SPI_HOLD Pin=U3-17
Added Net: Name=MEM_SPI_HOLD
Added Pin To Net: NetName=MEM_SPI_W Pin=R2-1
Added Pin To Net: NetName=MEM_SPI_W Pin=U1-3
Added Pin To Net: NetName=MEM_SPI_W Pin=U3-20
Added Net: Name=MEM_SPI_W
Added Pin To Net: NetName=NetR4_1 Pin=R4-1
Added Pin To Net: NetName=NetR4_1 Pin=U1-7
Added Net: Name=NetR4_1
