PCAD Importer Log
Project : VCNL4040M3OE.LibPkg

Section : C:\Users\angus\Documents\UBC\2019W1\ELEC 494\HardwareRepo\capstone48\VCNL4040M3OE\VCNL4040M3OE.lia
    Section : PCB Library - VCNL4040M3OE.PcbLib
        Section : Load Messages
            Warning - 1 : Skipping Token VCNL4040M3OE On Line 121
            Warning - 1 : Skipping Token attachedSymbol On Line 342
        EndSection

        Section : Import Messages
        EndSection
    EndSection

    Section : SCH Library - VCNL4040M3OE.SchLib
        Section : Parsing Messages
            Warning - 1 : Skipping Token padStyleDef On Line 9
            Warning - 1 : Skipping Token multiLayer On Line 84
            Warning - 1 : Skipping Token layerContents On Line 94
            Warning - 1 : Skipping Token layerContents On Line 102
            Warning - 1 : Skipping Token layerContents On Line 110
            Warning - 1 : Skipping Token layerContents On Line 113
            Warning - 1 : Skipping Token isVisible On Line 204
            Warning - 1 : Skipping Token isVisible On Line 205
            Warning - 1 : Skipping Token isVisible On Line 206
            Warning - 1 : Skipping Token isVisible On Line 207
            Warning - 1 : Skipping Token isVisible On Line 208
            Warning - 1 : Skipping Token isVisible On Line 209
            Warning - 1 : Skipping Token isVisible On Line 210
            Warning - 1 : Skipping Token isVisible On Line 211
            Warning - 1 : Skipping Token isVisible On Line 262
            Warning - 1 : Skipping Token isVisible On Line 263
            Warning - 1 : Skipping Token isVisible On Line 264
            Warning - 1 : Skipping Token isVisible On Line 265
            Warning - 1 : Skipping Token isVisible On Line 266
            Warning - 1 : Skipping Token isVisible On Line 267
            Warning - 1 : Skipping Token isVisible On Line 268
            Warning - 1 : Skipping Token isVisible On Line 269
            Warning - 1 : Skipping Token isVisible On Line 270
            Warning - 1 : Skipping Token isVisible On Line 271
            Warning - 1 : Skipping Token isVisible On Line 308
            Warning - 1 : Skipping Token isVisible On Line 309
            Warning - 1 : Skipping Token isVisible On Line 310
            Warning - 1 : Skipping Token isVisible On Line 311
        EndSection

        Section : Generating SCH Library - VCNL4040M3OE.SchLib
        EndSection
    EndSection
EndSection
